17:04:13. 274 [main] INFO  testCases.TC001_RegistrationTest - ****Finished the TC001_RegistrationTest Execution****
17:04:18. 870 [main] INFO  testCases.TC002_LoginPage - ****Starting the TC002_LoginPage Execution****
17:04:20. 559 [main] INFO  testCases.TC002_LoginPage - ****Completed the TC002_LoginPage Execution****
19:23:05. 291 [main] INFO  testCases.TC001_RegistrationTest - ****Starting the TC001_RegistrationTest Execution****
19:23:05. 365 [main] INFO  testCases.TC001_RegistrationTest - Clicking on MyAccount
19:23:05. 579 [main] INFO  testCases.TC001_RegistrationTest - Clicking on Register
19:23:06. 266 [main] INFO  testCases.TC001_RegistrationTest - Entering the required details
19:23:08. 643 [main] INFO  testCases.TC001_RegistrationTest - ****Finished the TC001_RegistrationTest Execution****
19:23:11. 161 [main] INFO  testCases.TC002_LoginPage - ****Starting the TC002_LoginPage Execution****
19:23:13. 322 [main] INFO  testCases.TC002_LoginPage - ****Completed the TC002_LoginPage Execution****
23:13:02. 339 [main] INFO  testCases.TC001_RegistrationTest - ****Starting the TC001_RegistrationTest Execution****
23:13:02. 388 [main] INFO  testCases.TC001_RegistrationTest - Clicking on MyAccount
23:13:02. 656 [main] INFO  testCases.TC001_RegistrationTest - Clicking on Register
23:13:03. 269 [main] INFO  testCases.TC001_RegistrationTest - Entering the required details
23:13:05. 304 [main] INFO  testCases.TC001_RegistrationTest - ****Finished the TC001_RegistrationTest Execution****
23:13:07. 228 [main] INFO  testCases.TC002_LoginPage - ****Starting the TC002_LoginPage Execution****
23:13:09. 697 [main] INFO  testCases.TC002_LoginPage - ****Completed the TC002_LoginPage Execution****
23:16:15. 363 [main] INFO  testCases.TC001_RegistrationTest - ****Starting the TC001_RegistrationTest Execution****
23:16:15. 405 [main] INFO  testCases.TC001_RegistrationTest - Clicking on MyAccount
23:16:16. 145 [main] INFO  testCases.TC001_RegistrationTest - Clicking on Register
23:16:16. 707 [main] INFO  testCases.TC001_RegistrationTest - Entering the required details
23:16:18. 237 [main] INFO  testCases.TC001_RegistrationTest - ****Finished the TC001_RegistrationTest Execution****
23:16:24. 263 [main] INFO  testCases.TC002_LoginPage - ****Starting the TC002_LoginPage Execution****
23:16:25. 947 [main] INFO  testCases.TC002_LoginPage - ****Completed the TC002_LoginPage Execution****
23:19:59. 439 [main] INFO  testCases.TC001_RegistrationTest - ****Starting the TC001_RegistrationTest Execution****
23:19:59. 483 [main] INFO  testCases.TC001_RegistrationTest - Clicking on MyAccount
23:19:59. 677 [main] INFO  testCases.TC001_RegistrationTest - Clicking on Register
23:20:00. 262 [main] INFO  testCases.TC001_RegistrationTest - Entering the required details
23:20:01. 875 [main] INFO  testCases.TC001_RegistrationTest - ****Finished the TC001_RegistrationTest Execution****
23:20:11. 963 [main] INFO  testCases.TC002_LoginPage - ****Starting the TC002_LoginPage Execution****
23:20:15. 131 [main] INFO  testCases.TC002_LoginPage - ****Completed the TC002_LoginPage Execution****
23:40:13. 382 [main] INFO  testCases.TC001_RegistrationTest - ****Starting the TC001_RegistrationTest Execution****
23:40:13. 423 [main] INFO  testCases.TC001_RegistrationTest - Clicking on MyAccount
23:40:13. 730 [main] INFO  testCases.TC001_RegistrationTest - Clicking on Register
23:40:14. 318 [main] INFO  testCases.TC001_RegistrationTest - Entering the required details
23:40:15. 644 [main] INFO  testCases.TC001_RegistrationTest - ****Finished the TC001_RegistrationTest Execution****
23:40:21. 123 [main] INFO  testCases.TC002_LoginPage - ****Starting the TC002_LoginPage Execution****
23:40:22. 564 [main] INFO  testCases.TC002_LoginPage - ****Completed the TC002_LoginPage Execution****
23:41:45. 524 [main] INFO  testCases.TC001_RegistrationTest - ****Starting the TC001_RegistrationTest Execution****
23:41:45. 553 [main] INFO  testCases.TC001_RegistrationTest - Clicking on MyAccount
23:41:45. 729 [main] INFO  testCases.TC001_RegistrationTest - Clicking on Register
23:41:46. 269 [main] INFO  testCases.TC001_RegistrationTest - Entering the required details
23:41:47. 663 [main] INFO  testCases.TC001_RegistrationTest - ****Finished the TC001_RegistrationTest Execution****
23:41:52. 966 [main] INFO  testCases.TC002_LoginPage - ****Starting the TC002_LoginPage Execution****
23:41:54. 506 [main] INFO  testCases.TC002_LoginPage - ****Completed the TC002_LoginPage Execution****
