17:04:51. 859 [main] INFO  testCases.TC001_RegistrationTest - Clicking on Register
17:04:52. 696 [main] INFO  testCases.TC001_RegistrationTest - Entering the required details
17:04:54. 855 [main] INFO  testCases.TC001_RegistrationTest - ****Finished the TC001_RegistrationTest Execution****
17:04:57. 398 [main] INFO  testCases.TC002_LoginPage - ****Starting the TC002_LoginPage Execution****
17:04:59. 796 [main] INFO  testCases.TC002_LoginPage - ****Completed the TC002_LoginPage Execution****
16:23:03. 584 [main] INFO  testCases.TC001_RegistrationTest - ****Starting the TC001_RegistrationTest Execution****
16:23:03. 763 [main] INFO  testCases.TC001_RegistrationTest - Clicking on MyAccount
16:23:04. 530 [main] INFO  testCases.TC001_RegistrationTest - Clicking on Register
16:23:05. 048 [main] INFO  testCases.TC001_RegistrationTest - Entering the required details
16:23:06. 750 [main] INFO  testCases.TC001_RegistrationTest - ****Finished the TC001_RegistrationTest Execution****
16:23:09. 259 [main] INFO  testCases.TC002_LoginPage - ****Starting the TC002_LoginPage Execution****
16:23:11. 968 [main] INFO  testCases.TC002_LoginPage - ****Completed the TC002_LoginPage Execution****
16:25:20. 063 [main] INFO  testCases.TC001_RegistrationTest - ****Starting the TC001_RegistrationTest Execution****
16:25:20. 117 [main] INFO  testCases.TC001_RegistrationTest - Clicking on MyAccount
16:34:04. 524 [main] INFO  testCases.TC001_RegistrationTest - ****Starting the TC001_RegistrationTest Execution****
16:34:04. 565 [main] INFO  testCases.TC001_RegistrationTest - Clicking on MyAccount
16:55:20. 086 [main] INFO  testCases.TC001_RegistrationTest - ****Starting the TC001_RegistrationTest Execution****
16:55:20. 136 [main] INFO  testCases.TC001_RegistrationTest - Clicking on MyAccount
16:55:20. 383 [main] INFO  testCases.TC001_RegistrationTest - Clicking on Register
16:55:20. 985 [main] INFO  testCases.TC001_RegistrationTest - Entering the required details
16:55:23. 226 [main] INFO  testCases.TC001_RegistrationTest - ****Finished the TC001_RegistrationTest Execution****
16:55:25. 820 [main] INFO  testCases.TC002_LoginPage - ****Starting the TC002_LoginPage Execution****
16:55:27. 833 [main] INFO  testCases.TC002_LoginPage - ****Completed the TC002_LoginPage Execution****
16:56:29. 798 [main] INFO  testCases.TC001_RegistrationTest - ****Starting the TC001_RegistrationTest Execution****
16:56:29. 826 [main] INFO  testCases.TC001_RegistrationTest - Clicking on MyAccount
16:57:46. 993 [main] INFO  testCases.TC001_RegistrationTest - ****Starting the TC001_RegistrationTest Execution****
16:57:47. 037 [main] INFO  testCases.TC001_RegistrationTest - Clicking on MyAccount
16:57:47. 333 [main] INFO  testCases.TC001_RegistrationTest - Clicking on Register
16:57:48. 012 [main] INFO  testCases.TC001_RegistrationTest - Entering the required details
16:57:49. 741 [main] INFO  testCases.TC001_RegistrationTest - ****Finished the TC001_RegistrationTest Execution****
16:57:55. 289 [main] INFO  testCases.TC002_LoginPage - ****Starting the TC002_LoginPage Execution****
16:57:57. 374 [main] INFO  testCases.TC002_LoginPage - ****Completed the TC002_LoginPage Execution****
16:59:38. 654 [main] INFO  testCases.TC001_RegistrationTest - ****Starting the TC001_RegistrationTest Execution****
16:59:38. 686 [main] INFO  testCases.TC001_RegistrationTest - Clicking on MyAccount
16:59:38. 879 [main] INFO  testCases.TC001_RegistrationTest - Clicking on Register
16:59:39. 382 [main] INFO  testCases.TC001_RegistrationTest - Entering the required details
16:59:41. 504 [main] INFO  testCases.TC001_RegistrationTest - ****Finished the TC001_RegistrationTest Execution****
16:59:43. 465 [main] INFO  testCases.TC002_LoginPage - ****Starting the TC002_LoginPage Execution****
16:59:45. 382 [main] INFO  testCases.TC002_LoginPage - ****Completed the TC002_LoginPage Execution****
17:03:08. 563 [main] INFO  testCases.TC001_RegistrationTest - ****Starting the TC001_RegistrationTest Execution****
17:03:08. 613 [main] INFO  testCases.TC001_RegistrationTest - Clicking on MyAccount
17:03:08. 938 [main] INFO  testCases.TC001_RegistrationTest - Clicking on Register
17:03:09. 652 [main] INFO  testCases.TC001_RegistrationTest - Entering the required details
17:03:11. 610 [main] INFO  testCases.TC001_RegistrationTest - ****Finished the TC001_RegistrationTest Execution****
17:03:18. 210 [main] INFO  testCases.TC002_LoginPage - ****Starting the TC002_LoginPage Execution****
17:03:20. 470 [main] INFO  testCases.TC002_LoginPage - ****Completed the TC002_LoginPage Execution****
17:04:10. 828 [main] INFO  testCases.TC001_RegistrationTest - ****Starting the TC001_RegistrationTest Execution****
17:04:10. 856 [main] INFO  testCases.TC001_RegistrationTest - Clicking on MyAccount
17:04:11. 029 [main] INFO  testCases.TC001_RegistrationTest - Clicking on Register
17:04:11. 766 [main] INFO  testCases.TC001_RegistrationTest - Entering the required details
